Disk name: /dev/sdb  Disk size: 465.76GB  Scheduler disabled.

Measuring: Track buffer working forward.
Samples: 100   Sample size: 512
Size tested: 512B     Average:  0.11 ms   Max:  1.02 ms   Total: 0.01 sec
Size tested: 1KB      Average:  0.08 ms   Max:  0.88 ms   Total: 0.01 sec
Size tested: 2KB      Average:  0.55 ms   Max: 17.93 ms   Total: 0.06 sec
Size tested: 4KB      Average:  7.55 ms   Max: 677.49 ms   Total: 0.76 sec
Size tested: 8KB      Average:  0.79 ms   Max: 27.59 ms   Total: 0.08 sec
Size tested: 16KB     Average:  0.43 ms   Max:  1.63 ms   Total: 0.04 sec
Size tested: 32KB     Average:  1.54 ms   Max: 34.08 ms   Total: 0.15 sec
Size tested: 64KB     Average:  4.44 ms   Max: 139.51 ms   Total: 0.44 sec
Size tested: 128KB    Average:  2.73 ms   Max: 12.01 ms   Total: 0.27 sec
Size tested: 256KB    Average:  2.70 ms   Max: 12.28 ms   Total: 0.27 sec
Size tested: 512KB    Average:  5.39 ms   Max: 20.10 ms   Total: 0.54 sec
Size tested: 1MB      Average:  9.97 ms   Max: 31.89 ms   Total: 1.00 sec
Size tested: 2MB      Average: 20.58 ms   Max: 77.35 ms   Total: 2.06 sec
Size tested: 4MB      Average: 45.63 ms   Max: 490.85 ms   Total: 4.56 sec
Size tested: 8MB      Average: 84.58 ms   Max: 1192.51 ms   Total: 8.46 sec
Size tested: 16MB     Average: 141.74 ms   Max: 209.47 ms   Total: 14.17 sec

Measuring: Track buffer working backwards.
Samples: 100   Sample size: 512
Size tested: 512B     Average:  0.34 ms   Max:  8.06 ms   Total: 0.03 sec
Size tested: 1KB      Average:  1.01 ms   Max: 19.93 ms   Total: 0.10 sec
Size tested: 2KB      Average:  1.34 ms   Max: 35.93 ms   Total: 0.13 sec
Size tested: 4KB      Average:  2.61 ms   Max: 26.98 ms   Total: 0.26 sec
Size tested: 8KB      Average:  2.01 ms   Max:  8.11 ms   Total: 0.20 sec
Size tested: 16KB     Average:  2.56 ms   Max: 16.35 ms   Total: 0.26 sec
Size tested: 32KB     Average:  2.29 ms   Max:  8.12 ms   Total: 0.23 sec
Size tested: 64KB     Average:  3.64 ms   Max: 31.02 ms   Total: 0.36 sec
Size tested: 128KB    Average:  4.14 ms   Max:  8.25 ms   Total: 0.41 sec
Size tested: 256KB    Average:  7.86 ms   Max:  8.54 ms   Total: 0.79 sec
Size tested: 512KB    Average:  8.18 ms   Max: 24.65 ms   Total: 0.82 sec
Size tested: 1MB      Average: 15.57 ms   Max: 41.05 ms   Total: 1.56 sec
Size tested: 2MB      Average: 23.25 ms   Max: 57.78 ms   Total: 2.33 sec
Size tested: 4MB      Average: 41.73 ms   Max: 99.05 ms   Total: 4.17 sec
Size tested: 8MB      Average: 78.13 ms   Max: 148.26 ms   Total: 7.81 sec
Size tested: 16MB     Average: 149.48 ms   Max: 239.90 ms   Total: 14.95 sec

Measuring: Concurrent random seek time using readahead.
Samples: 100   Sample size: 512
Area tested: 1MB      Average:  0.28 ms   Max: 13.41 ms   Total: 0.03 sec
Area tested: 2MB      Average:  0.27 ms   Max: 13.32 ms   Total: 0.03 sec
Area tested: 4MB      Average:  0.39 ms   Max:  7.76 ms   Total: 0.04 sec
Area tested: 8MB      Average:  0.90 ms   Max:  8.16 ms   Total: 0.09 sec
Area tested: 16MB     Average:  1.51 ms   Max: 49.11 ms   Total: 0.15 sec
Area tested: 32MB     Average:  3.75 ms   Max: 12.13 ms   Total: 0.37 sec
Area tested: 64MB     Average:  4.72 ms   Max:  9.41 ms   Total: 0.47 sec
Area tested: 128MB    Average:  5.35 ms   Max: 10.30 ms   Total: 0.53 sec
Area tested: 256MB    Average:  6.10 ms   Max: 10.57 ms   Total: 0.61 sec
Area tested: 512MB    Average:  6.96 ms   Max: 44.02 ms   Total: 0.70 sec
Area tested: 1GB      Average:  7.12 ms   Max: 30.69 ms   Total: 0.71 sec
Area tested: 2GB      Average:  6.91 ms   Max: 46.21 ms   Total: 0.69 sec
Area tested: 4GB      Average:  8.22 ms   Max: 18.84 ms   Total: 0.82 sec
Area tested: 8GB      Average:  8.96 ms   Max: 21.99 ms   Total: 0.90 sec
Area tested: 16GB     Average:  9.68 ms   Max: 40.90 ms   Total: 0.97 sec
Area tested: 32GB     Average:  8.84 ms   Max: 14.69 ms   Total: 0.88 sec
Area tested: 64GB     Average:  8.32 ms   Max: 360.98 ms   Total: 0.83 sec
Area tested: 128GB    Average: 11.07 ms   Max: 23.54 ms   Total: 1.11 sec
Area tested: 256GB    Average: 11.78 ms   Max: 30.90 ms   Total: 1.18 sec
Area tested: 465.76GB   Average: 14.86 ms   Max: 47.40 ms   Total: 1.49 sec

Measuring: Random seek time using beginning of disk.
Samples: 100   Sample size: 512
Area tested: 1MB      Average:  0.24 ms   Max:  4.68 ms   Total: 0.02 sec
Area tested: 2MB      Average:  0.33 ms   Max:  8.29 ms   Total: 0.03 sec
Area tested: 4MB      Average:  0.42 ms   Max:  7.70 ms   Total: 0.04 sec
Area tested: 8MB      Average:  0.87 ms   Max:  8.85 ms   Total: 0.09 sec
Area tested: 16MB     Average:  1.71 ms   Max: 15.66 ms   Total: 0.17 sec
Area tested: 32MB     Average:  3.28 ms   Max:  9.44 ms   Total: 0.33 sec
Area tested: 64MB     Average:  5.25 ms   Max: 10.35 ms   Total: 0.52 sec
Area tested: 128MB    Average:  5.60 ms   Max: 10.81 ms   Total: 0.56 sec
Area tested: 256MB    Average:  6.47 ms   Max: 11.66 ms   Total: 0.65 sec
Area tested: 512MB    Average:  6.82 ms   Max: 11.18 ms   Total: 0.68 sec
Area tested: 1GB      Average:  7.21 ms   Max: 13.58 ms   Total: 0.72 sec
Area tested: 2GB      Average:  7.82 ms   Max: 28.79 ms   Total: 0.78 sec
Area tested: 4GB      Average:  9.29 ms   Max: 59.87 ms   Total: 0.93 sec
Area tested: 8GB      Average: 15.70 ms   Max: 636.16 ms   Total: 1.57 sec
Area tested: 16GB     Average:  9.65 ms   Max: 23.92 ms   Total: 0.96 sec
Area tested: 32GB     Average:  9.58 ms   Max: 22.98 ms   Total: 0.96 sec
Area tested: 64GB     Average: 10.70 ms   Max: 39.41 ms   Total: 1.07 sec
Area tested: 128GB    Average: 11.17 ms   Max: 17.06 ms   Total: 1.12 sec
Area tested: 256GB    Average: 12.60 ms   Max: 23.45 ms   Total: 1.26 sec
Area tested: 465.76GB   Average: 14.46 ms   Max: 34.88 ms   Total: 1.45 sec

Measuring: Random read throughput with various sizes.
Buffer: 1MB    Average: 37.91MB /sec   Samples: 128   Total: 3.38 sec
Buffer: 2MB    Average: 11.40MB /sec   Samples:  96   Total: 16.84 sec
Buffer: 4MB    Average: 75.46MB /sec   Samples:  72   Total: 3.82 sec
Buffer: 8MB    Average: 90.97MB /sec   Samples:  54   Total: 4.75 sec
Buffer: 16MB   Average: 100.77MB/sec   Samples:  40   Total: 6.35 sec
Buffer: 32MB   Average: 111.94MB/sec   Samples:  30   Total: 8.58 sec
Buffer: 64MB   Average: 110.74MB/sec   Samples:  22   Total: 12.71 sec
Buffer: 128MB   Average: 103.55MB/sec   Samples:  17   Total: 21.01 sec

Measuring: Sequential read throughput using beginning of disk.
Buffer: 10MB   Average: 139.71MB/sec   Samples: 100   Total: 1.22 sec

Returned disk scheduler to CFQ.
