Disk name: /dev/sda2  Disk size: 96.53GB  Scheduler disabled.

Measuring: Track buffer working forward.
Samples: 100   Sample size: 512
Size tested: 512B     Average:  0.02 ms   Max:  0.34 ms   Total: 0.00 sec
Size tested: 1KB      Average:  0.04 ms   Max:  0.37 ms   Total: 0.00 sec
Size tested: 2KB      Average:  0.09 ms   Max:  0.47 ms   Total: 0.01 sec
Size tested: 4KB      Average:  0.15 ms   Max:  0.57 ms   Total: 0.01 sec
Size tested: 8KB      Average:  0.14 ms   Max:  0.53 ms   Total: 0.01 sec
Size tested: 16KB     Average:  0.20 ms   Max:  0.54 ms   Total: 0.02 sec
Size tested: 32KB     Average:  0.36 ms   Max:  0.68 ms   Total: 0.04 sec
Size tested: 64KB     Average:  0.65 ms   Max:  1.29 ms   Total: 0.07 sec
Size tested: 128KB    Average:  1.19 ms   Max:  3.12 ms   Total: 0.12 sec
Size tested: 256KB    Average:  1.24 ms   Max:  2.58 ms   Total: 0.12 sec
Size tested: 512KB    Average:  2.30 ms   Max:  4.70 ms   Total: 0.23 sec
Size tested: 1MB      Average:  4.40 ms   Max:  8.86 ms   Total: 0.44 sec
Size tested: 2MB      Average:  8.27 ms   Max: 16.29 ms   Total: 0.83 sec
Size tested: 4MB      Average: 15.88 ms   Max: 29.44 ms   Total: 1.59 sec
Size tested: 8MB      Average: 31.21 ms   Max: 44.50 ms   Total: 3.12 sec
Size tested: 16MB     Average: 61.03 ms   Max: 95.89 ms   Total: 6.10 sec

Measuring: Track buffer working backwards.
Samples: 100   Sample size: 512
Size tested: 512B     Average:  0.02 ms   Max:  0.30 ms   Total: 0.00 sec
Size tested: 1KB      Average:  0.02 ms   Max:  0.31 ms   Total: 0.00 sec
Size tested: 2KB      Average:  0.05 ms   Max:  0.31 ms   Total: 0.00 sec
Size tested: 4KB      Average:  0.09 ms   Max:  0.34 ms   Total: 0.01 sec
Size tested: 8KB      Average:  0.12 ms   Max:  0.34 ms   Total: 0.01 sec
Size tested: 16KB     Average:  0.15 ms   Max:  0.71 ms   Total: 0.02 sec
Size tested: 32KB     Average:  0.23 ms   Max:  0.93 ms   Total: 0.02 sec
Size tested: 64KB     Average:  0.36 ms   Max:  0.90 ms   Total: 0.04 sec
Size tested: 128KB    Average:  0.74 ms   Max:  1.97 ms   Total: 0.07 sec
Size tested: 256KB    Average:  1.26 ms   Max:  2.76 ms   Total: 0.13 sec
Size tested: 512KB    Average:  2.28 ms   Max:  3.25 ms   Total: 0.23 sec
Size tested: 1MB      Average:  4.43 ms   Max: 11.23 ms   Total: 0.44 sec
Size tested: 2MB      Average:  8.18 ms   Max: 12.49 ms   Total: 0.82 sec
Size tested: 4MB      Average: 15.83 ms   Max: 24.24 ms   Total: 1.58 sec
Size tested: 8MB      Average: 31.18 ms   Max: 50.27 ms   Total: 3.12 sec
Size tested: 16MB     Average: 61.25 ms   Max: 99.66 ms   Total: 6.12 sec

Measuring: Concurrent random seek time using readahead.
Samples: 100   Sample size: 512
Area tested: 1MB      Average:  0.01 ms   Max:  0.03 ms   Total: 0.00 sec
Area tested: 2MB      Average:  0.01 ms   Max:  0.06 ms   Total: 0.00 sec
Area tested: 4MB      Average:  0.00 ms   Max:  0.02 ms   Total: 0.00 sec
Area tested: 8MB      Average:  0.01 ms   Max:  0.05 ms   Total: 0.00 sec
Area tested: 16MB     Average:  0.01 ms   Max:  0.02 ms   Total: 0.00 sec
Area tested: 32MB     Average:  0.01 ms   Max:  0.03 ms   Total: 0.00 sec
Area tested: 64MB     Average:  0.01 ms   Max:  0.02 ms   Total: 0.00 sec
Area tested: 128MB    Average:  0.01 ms   Max:  0.03 ms   Total: 0.00 sec
Area tested: 256MB    Average:  0.01 ms   Max:  0.02 ms   Total: 0.00 sec
Area tested: 512MB    Average:  0.01 ms   Max:  0.02 ms   Total: 0.00 sec
Area tested: 1GB      Average:  0.01 ms   Max:  0.04 ms   Total: 0.00 sec
Area tested: 2GB      Average:  0.01 ms   Max:  0.03 ms   Total: 0.00 sec
Area tested: 4GB      Average:  0.01 ms   Max:  0.03 ms   Total: 0.00 sec
Area tested: 8GB      Average:  0.01 ms   Max:  0.03 ms   Total: 0.00 sec
Area tested: 16GB     Average:  0.01 ms   Max:  0.03 ms   Total: 0.00 sec
Area tested: 32GB     Average:  0.01 ms   Max:  0.01 ms   Total: 0.00 sec
Area tested: 64GB     Average:  0.01 ms   Max:  0.03 ms   Total: 0.00 sec
Area tested: 96.53GB   Average:  0.01 ms   Max:  0.03 ms   Total: 0.00 sec

Measuring: Random seek time using beginning of disk.
Samples: 100   Sample size: 512
Area tested: 1MB      Average:  0.16 ms   Max:  0.57 ms   Total: 0.02 sec
Area tested: 2MB      Average:  0.16 ms   Max:  0.32 ms   Total: 0.02 sec
Area tested: 4MB      Average:  0.16 ms   Max:  0.26 ms   Total: 0.02 sec
Area tested: 8MB      Average:  0.13 ms   Max:  0.21 ms   Total: 0.01 sec
Area tested: 16MB     Average:  0.09 ms   Max:  0.21 ms   Total: 0.01 sec
Area tested: 32MB     Average:  0.09 ms   Max:  0.26 ms   Total: 0.01 sec
Area tested: 64MB     Average:  0.08 ms   Max:  0.21 ms   Total: 0.01 sec
Area tested: 128MB    Average:  0.07 ms   Max:  0.18 ms   Total: 0.01 sec
Area tested: 256MB    Average:  0.10 ms   Max:  0.51 ms   Total: 0.01 sec
Area tested: 512MB    Average:  0.13 ms   Max:  0.30 ms   Total: 0.01 sec
Area tested: 1GB      Average:  0.11 ms   Max:  0.40 ms   Total: 0.01 sec
Area tested: 2GB      Average:  0.13 ms   Max:  0.30 ms   Total: 0.01 sec
Area tested: 4GB      Average:  0.16 ms   Max:  0.31 ms   Total: 0.02 sec
Area tested: 8GB      Average:  0.14 ms   Max:  0.34 ms   Total: 0.01 sec
Area tested: 16GB     Average:  0.11 ms   Max:  0.33 ms   Total: 0.01 sec
Area tested: 32GB     Average:  0.10 ms   Max:  0.24 ms   Total: 0.01 sec
Area tested: 64GB     Average:  0.09 ms   Max:  0.31 ms   Total: 0.01 sec
Area tested: 96.53GB   Average:  0.09 ms   Max:  0.29 ms   Total: 0.01 sec

Measuring: Random read throughput with various sizes.
Buffer: 1MB    Average: 199.40MB/sec   Samples: 128   Total: 0.64 sec
Buffer: 2MB    Average: 226.00MB/sec   Samples:  96   Total: 0.85 sec
Buffer: 4MB    Average: 243.27MB/sec   Samples:  72   Total: 1.18 sec
Buffer: 8MB    Average: 253.66MB/sec   Samples:  54   Total: 1.70 sec
Buffer: 16MB   Average: 250.82MB/sec   Samples:  40   Total: 2.55 sec
Buffer: 32MB   Average: 258.86MB/sec   Samples:  30   Total: 3.71 sec
Buffer: 64MB   Average: 259.10MB/sec   Samples:  22   Total: 5.43 sec
Buffer: 128MB   Average: 265.10MB/sec   Samples:  17   Total: 8.21 sec

Measuring: Sequential read throughput using beginning of disk.
Buffer: 10MB   Average: 257.06MB/sec   Samples: 100   Total: 0.66 sec
