Disk name: /dev/sda  Disk size: 465.76GB  Scheduler disabled.

Measuring: Concurrent random seek time using readahead.
Samples: 100   Sample size: 512
Area tested: 1MB      Average:  0.06 ms   Max:  2.75 ms   Total: 0.01 sec
Area tested: 2MB      Average:  0.04 ms   Max:  2.61 ms   Total: 0.00 sec
Area tested: 4MB      Average:  0.44 ms   Max:  8.67 ms   Total: 0.04 sec
Area tested: 8MB      Average:  1.01 ms   Max:  9.10 ms   Total: 0.10 sec
Area tested: 16MB     Average:  1.77 ms   Max:  8.88 ms   Total: 0.18 sec
Area tested: 32MB     Average:  3.09 ms   Max: 14.70 ms   Total: 0.31 sec
Area tested: 64MB     Average:  3.96 ms   Max:  9.74 ms   Total: 0.40 sec
Area tested: 128MB    Average:  5.82 ms   Max: 10.61 ms   Total: 0.58 sec
Area tested: 256MB    Average:  5.57 ms   Max: 12.82 ms   Total: 0.56 sec
Area tested: 512MB    Average:  6.32 ms   Max: 13.07 ms   Total: 0.63 sec
Area tested: 1GB      Average:  6.75 ms   Max: 11.35 ms   Total: 0.67 sec
Area tested: 2GB      Average:  7.55 ms   Max: 11.56 ms   Total: 0.75 sec
Area tested: 4GB      Average:  7.02 ms   Max: 11.94 ms   Total: 0.70 sec
Area tested: 8GB      Average:  8.15 ms   Max: 18.53 ms   Total: 0.81 sec
Area tested: 16GB     Average:  8.04 ms   Max: 14.39 ms   Total: 0.80 sec
Area tested: 32GB     Average:  8.67 ms   Max: 13.87 ms   Total: 0.87 sec
Area tested: 64GB     Average:  9.35 ms   Max: 14.94 ms   Total: 0.93 sec
Area tested: 128GB    Average: 10.21 ms   Max: 16.40 ms   Total: 1.02 sec
Area tested: 256GB    Average: 11.74 ms   Max: 18.46 ms   Total: 1.17 sec
Area tested: 465.76GB   Average: 13.81 ms   Max: 22.08 ms   Total: 1.38 sec

Measuring: Random seek time using beginning of disk.
Samples: 100   Sample size: 512
Area tested: 1MB      Average:  0.22 ms   Max:  6.21 ms   Total: 0.02 sec
Area tested: 2MB      Average:  0.29 ms   Max:  6.79 ms   Total: 0.03 sec
Area tested: 4MB      Average:  0.59 ms   Max:  7.78 ms   Total: 0.06 sec
Area tested: 8MB      Average:  0.91 ms   Max:  9.18 ms   Total: 0.09 sec
Area tested: 16MB     Average:  1.36 ms   Max: 15.88 ms   Total: 0.14 sec
Area tested: 32MB     Average:  3.37 ms   Max: 13.95 ms   Total: 0.34 sec
Area tested: 64MB     Average:  4.18 ms   Max: 10.26 ms   Total: 0.42 sec
Area tested: 128MB    Average:  5.87 ms   Max: 10.95 ms   Total: 0.59 sec
Area tested: 256MB    Average:  6.32 ms   Max: 10.78 ms   Total: 0.63 sec
Area tested: 512MB    Average:  6.42 ms   Max: 11.40 ms   Total: 0.64 sec
Area tested: 1GB      Average:  7.18 ms   Max: 11.80 ms   Total: 0.72 sec
Area tested: 2GB      Average:  7.69 ms   Max: 13.60 ms   Total: 0.77 sec
Area tested: 4GB      Average:  8.03 ms   Max: 12.30 ms   Total: 0.80 sec
Area tested: 8GB      Average:  8.16 ms   Max: 13.66 ms   Total: 0.82 sec
Area tested: 16GB     Average:  8.58 ms   Max: 16.32 ms   Total: 0.86 sec
Area tested: 32GB     Average:  9.01 ms   Max: 15.85 ms   Total: 0.90 sec
Area tested: 64GB     Average:  9.37 ms   Max: 14.51 ms   Total: 0.94 sec
Area tested: 128GB    Average: 10.50 ms   Max: 17.01 ms   Total: 1.05 sec
Area tested: 256GB    Average: 11.15 ms   Max: 17.59 ms   Total: 1.12 sec
Area tested: 465.76GB   Average: 14.32 ms   Max: 24.74 ms   Total: 1.43 sec

Measuring: Random read throughput with various sizes.
Buffer: 1MB    Average: 39.98MB /sec   Samples: 128   Total: 3.20 sec
Buffer: 2MB    Average: 57.88MB /sec   Samples:  96   Total: 3.32 sec
Buffer: 4MB    Average: 75.80MB /sec   Samples:  72   Total: 3.80 sec
Buffer: 8MB    Average: 90.18MB /sec   Samples:  54   Total: 4.79 sec
Buffer: 16MB   Average: 102.65MB/sec   Samples:  40   Total: 6.24 sec
Buffer: 32MB   Average: 116.30MB/sec   Samples:  30   Total: 8.25 sec
Buffer: 64MB   Average: 116.60MB/sec   Samples:  22   Total: 12.08 sec
Buffer: 128MB   Average: 120.57MB/sec   Samples:  17   Total: 18.05 sec

Measuring: Sequential read throughput using beginning of disk.
Buffer: 10MB   Average: 145.71MB/sec   Samples: 100   Total: 1.17 sec

Returned disk scheduler to CFQ.
