Disk name: /dev/sdb  Disk size: 1.36TB  Scheduler disabled.

Measuring: Concurrent random seek time using readahead.
Samples: 100   Sample size: 512
Area tested: 1MB      Average:  0.91 ms   Max: 73.38 ms   Total: 0.09 sec
Area tested: 2MB      Average:  0.53 ms   Max: 17.44 ms   Total: 0.05 sec
Area tested: 4MB      Average:  0.68 ms   Max: 17.69 ms   Total: 0.07 sec
Area tested: 8MB      Average:  1.44 ms   Max: 16.33 ms   Total: 0.14 sec
Area tested: 16MB     Average:  3.19 ms   Max: 24.75 ms   Total: 0.32 sec
Area tested: 32MB     Average:  5.02 ms   Max: 14.09 ms   Total: 0.50 sec
Area tested: 64MB     Average:  6.13 ms   Max: 25.53 ms   Total: 0.61 sec
Area tested: 128MB    Average:  6.25 ms   Max: 16.69 ms   Total: 0.63 sec
Area tested: 256MB    Average:  7.37 ms   Max: 19.02 ms   Total: 0.74 sec
Area tested: 512MB    Average:  8.36 ms   Max: 14.26 ms   Total: 0.84 sec
Area tested: 1GB      Average:  8.55 ms   Max: 17.08 ms   Total: 0.85 sec
Area tested: 2GB      Average:  8.64 ms   Max: 16.22 ms   Total: 0.86 sec
Area tested: 4GB      Average:  8.25 ms   Max: 14.56 ms   Total: 0.83 sec
Area tested: 8GB      Average: 10.09 ms   Max: 34.07 ms   Total: 1.01 sec
Area tested: 16GB     Average:  9.99 ms   Max: 15.70 ms   Total: 1.00 sec
Area tested: 32GB     Average:  9.59 ms   Max: 16.05 ms   Total: 0.96 sec
Area tested: 64GB     Average: 10.04 ms   Max: 16.64 ms   Total: 1.00 sec
Area tested: 128GB    Average: 10.89 ms   Max: 30.00 ms   Total: 1.09 sec
Area tested: 256GB    Average: 12.24 ms   Max: 36.87 ms   Total: 1.22 sec
Area tested: 512GB    Average: 13.40 ms   Max: 59.05 ms   Total: 1.34 sec
Area tested: 1TB      Average: 15.86 ms   Max: 44.00 ms   Total: 1.59 sec
Area tested: 1.36TB   Average: 16.82 ms   Max: 71.75 ms   Total: 1.68 sec

Measuring: Random seek time using beginning of disk.
Samples: 100   Sample size: 512
Area tested: 1MB      Average:  0.43 ms   Max:  4.44 ms   Total: 0.04 sec
Area tested: 2MB      Average:  0.45 ms   Max:  7.57 ms   Total: 0.05 sec
Area tested: 4MB      Average:  0.44 ms   Max: 15.66 ms   Total: 0.04 sec
Area tested: 8MB      Average:  1.77 ms   Max: 20.02 ms   Total: 0.18 sec
Area tested: 16MB     Average:  2.64 ms   Max: 12.54 ms   Total: 0.26 sec
Area tested: 32MB     Average:  7.27 ms   Max: 37.12 ms   Total: 0.73 sec
Area tested: 64MB     Average:  6.37 ms   Max: 32.05 ms   Total: 0.64 sec
Area tested: 128MB    Average:  8.71 ms   Max: 121.36 ms   Total: 0.87 sec
Area tested: 256MB    Average:  7.55 ms   Max: 13.52 ms   Total: 0.75 sec
Area tested: 512MB    Average:  9.62 ms   Max: 30.00 ms   Total: 0.96 sec
Area tested: 1GB      Average: 10.59 ms   Max: 32.89 ms   Total: 1.06 sec
Area tested: 2GB      Average: 10.44 ms   Max: 35.83 ms   Total: 1.04 sec
Area tested: 4GB      Average: 12.99 ms   Max: 80.52 ms   Total: 1.30 sec
Area tested: 8GB      Average: 12.05 ms   Max: 113.71 ms   Total: 1.21 sec
Area tested: 16GB     Average: 12.71 ms   Max: 82.47 ms   Total: 1.27 sec
Area tested: 32GB     Average: 11.36 ms   Max: 26.76 ms   Total: 1.14 sec
Area tested: 64GB     Average: 12.22 ms   Max: 27.45 ms   Total: 1.22 sec
Area tested: 128GB    Average: 12.56 ms   Max: 33.20 ms   Total: 1.26 sec
Area tested: 256GB    Average: 14.03 ms   Max: 41.30 ms   Total: 1.40 sec
Area tested: 512GB    Average: 17.67 ms   Max: 50.61 ms   Total: 1.77 sec
Area tested: 1TB      Average: 17.20 ms   Max: 68.01 ms   Total: 1.72 sec
Area tested: 1.36TB   Average: 18.19 ms   Max: 43.90 ms   Total: 1.82 sec

Measuring: Random read throughput with various sizes.
Buffer: 1MB    Average: 25.75MB /sec   Samples: 128   Total: 4.97 sec
Buffer: 2MB    Average: 40.58MB /sec   Samples:  96   Total: 4.73 sec
Buffer: 4MB    Average: 46.63MB /sec   Samples:  72   Total: 6.18 sec
Buffer: 8MB    Average: 58.98MB /sec   Samples:  54   Total: 7.32 sec
Buffer: 16MB   Average: 65.20MB /sec   Samples:  40   Total: 9.82 sec
Buffer: 32MB   Average: 70.86MB /sec   Samples:  30   Total: 13.55 sec
Buffer: 64MB   Average: 71.06MB /sec   Samples:  22   Total: 19.81 sec
Buffer: 128MB   Average: 74.06MB /sec   Samples:  17   Total: 29.38 sec

Measuring: Sequential read throughput using beginning of disk.
Buffer: 10MB   Average: 81.99MB /sec   Samples: 100   Total: 2.07 sec

Returned disk scheduler to CFQ.
