Syntax: progam [-v]:  for verbose mode.
Disk name: /dev/sdb  Disk size: 1.36TB

Measuring: Random seek time using beginning of disk.
Sample size: 100  (displayed none)
Area tested: 1MB     Average: 0.11 ms   Max: 0.56 ms   Sum: 0.01 sec
Area tested: 2MB     Average: 0.15 ms   Max: 0.35 ms   Sum: 0.01 sec
Area tested: 4MB     Average: 0.16 ms   Max: 0.42 ms   Sum: 0.01 sec
Area tested: 8MB     Average: 0.36 ms   Max: 3.69 ms   Sum: 0.03 sec
Area tested: 16MB    Average: 0.80 ms   Max: 11.38 ms   Sum: 0.08 sec
Area tested: 32MB    Average: 2.25 ms   Max: 11.99 ms   Sum: 0.21 sec
Area tested: 64MB    Average: 3.78 ms   Max: 10.87 ms   Sum: 0.36 sec
Area tested: 128MB   Average: 5.97 ms   Max: 12.88 ms   Sum: 0.57 sec
Area tested: 256MB   Average: 6.57 ms   Max: 13.58 ms   Sum: 0.62 sec
Area tested: 512MB   Average: 7.08 ms   Max: 12.58 ms   Sum: 0.67 sec
Area tested: 1GB     Average: 7.88 ms   Max: 13.58 ms   Sum: 0.75 sec
Area tested: 2GB     Average: 8.14 ms   Max: 13.87 ms   Sum: 0.77 sec
Area tested: 4GB     Average: 9.23 ms   Max: 16.53 ms   Sum: 0.88 sec
Area tested: 8GB     Average: 10.30 ms   Max: 19.81 ms   Sum: 0.98 sec
Area tested: 16GB    Average: 9.81 ms   Max: 15.81 ms   Sum: 0.93 sec
Area tested: 32GB    Average: 10.72 ms   Max: 17.48 ms   Sum: 1.02 sec
Area tested: 64GB    Average: 11.90 ms   Max: 21.39 ms   Sum: 1.13 sec
Area tested: 128GB   Average: 10.91 ms   Max: 17.42 ms   Sum: 1.04 sec
Area tested: 256GB   Average: 12.47 ms   Max: 21.95 ms   Sum: 1.18 sec
Area tested: 512GB   Average: 13.27 ms   Max: 23.85 ms   Sum: 1.26 sec
Area tested: 1TB     Average: 15.86 ms   Max: 28.42 ms   Sum: 1.51 sec

Measuring: Random seek time using random areas of disk.
Sample size: 100  (displayed none)
Area tested: 1MB     Average: 8.82 ms   Max: 40.70 ms   Sum: 0.84 sec
Area tested: 2MB     Average: 6.50 ms   Max: 13.33 ms   Sum: 0.62 sec
Area tested: 4MB     Average: 6.89 ms   Max: 12.70 ms   Sum: 0.65 sec
Area tested: 8MB     Average: 7.42 ms   Max: 14.02 ms   Sum: 0.70 sec
Area tested: 16MB    Average: 6.33 ms   Max: 12.52 ms   Sum: 0.60 sec
Area tested: 32MB    Average: 7.65 ms   Max: 12.99 ms   Sum: 0.73 sec
Area tested: 64MB    Average: 7.25 ms   Max: 13.42 ms   Sum: 0.69 sec
Area tested: 128MB   Average: 7.68 ms   Max: 12.81 ms   Sum: 0.73 sec
Area tested: 256MB   Average: 7.91 ms   Max: 13.91 ms   Sum: 0.75 sec
Area tested: 512MB   Average: 8.61 ms   Max: 13.53 ms   Sum: 0.82 sec
Area tested: 1GB     Average: 8.50 ms   Max: 14.94 ms   Sum: 0.81 sec
Area tested: 2GB     Average: 11.99 ms   Max: 35.51 ms   Sum: 1.14 sec
Area tested: 4GB     Average: 11.60 ms   Max: 27.97 ms   Sum: 1.10 sec
Area tested: 8GB     Average: 12.50 ms   Max: 27.95 ms   Sum: 1.19 sec
Area tested: 16GB    Average: 11.39 ms   Max: 22.08 ms   Sum: 1.08 sec
Area tested: 32GB    Average: 14.73 ms   Max: 32.23 ms   Sum: 1.40 sec
Area tested: 64GB    Average: 13.33 ms   Max: 27.82 ms   Sum: 1.27 sec
Area tested: 128GB   Average: 13.03 ms   Max: 21.17 ms   Sum: 1.24 sec
Area tested: 256GB   Average: 13.88 ms   Max: 27.41 ms   Sum: 1.32 sec
Area tested: 512GB   Average: 14.28 ms   Max: 23.71 ms   Sum: 1.36 sec
Area tested: 1TB     Average: 16.00 ms   Max: 24.98 ms   Sum: 1.52 sec
