Using beginning of disk.  Sample size: 250  (displayed none)
Area tested: 1MB     Average: 0.06 ms   Max: 0.34 ms   Sum: 0.02 sec
Area tested: 2MB     Average: 0.10 ms   Max: 0.32 ms   Sum: 0.02 sec
Area tested: 4MB     Average: 0.13 ms   Max: 0.34 ms   Sum: 0.03 sec
Area tested: 8MB     Average: 0.16 ms   Max: 0.35 ms   Sum: 0.04 sec
Area tested: 16MB    Average: 0.29 ms   Max: 5.66 ms   Sum: 0.07 sec
Area tested: 32MB    Average: 1.23 ms   Max: 10.55 ms   Sum: 0.29 sec
Area tested: 64MB    Average: 4.55 ms   Max: 12.65 ms   Sum: 1.08 sec
Area tested: 128MB   Average: 5.61 ms   Max: 12.41 ms   Sum: 1.33 sec
Area tested: 256MB   Average: 6.58 ms   Max: 12.64 ms   Sum: 1.56 sec
Area tested: 512MB   Average: 7.34 ms   Max: 13.29 ms   Sum: 1.74 sec
Area tested: 1GB     Average: 7.91 ms   Max: 13.47 ms   Sum: 1.88 sec
Area tested: 2GB     Average: 8.57 ms   Max: 15.36 ms   Sum: 2.03 sec
Area tested: 4GB     Average: 10.45 ms   Max: 22.92 ms   Sum: 2.48 sec
Area tested: 8GB     Average: 10.00 ms   Max: 19.71 ms   Sum: 2.37 sec
Area tested: 16GB    Average: 10.37 ms   Max: 20.70 ms   Sum: 2.46 sec
Area tested: 32GB    Average: 10.21 ms   Max: 16.50 ms   Sum: 2.42 sec
Area tested: 64GB    Average: 11.25 ms   Max: 22.90 ms   Sum: 2.67 sec
Area tested: 128GB   Average: 11.40 ms   Max: 20.06 ms   Sum: 2.70 sec
Area tested: 256GB   Average: 12.68 ms   Max: 23.36 ms   Sum: 3.01 sec
Area tested: 512GB   Average: 13.78 ms   Max: 22.54 ms   Sum: 3.27 sec
Area tested: 1TB     Average: 15.49 ms   Max: 28.79 ms   Sum: 3.67 sec
